2026-06-30 01:13:45 INFO : Starting process
2026-06-30 15:35:57 DEBUG : Disk usage high
2026-06-30 20:36:52 WARNING : Timeout reached
2026-06-30 12:15:22 WARNING : Loading config
2026-07-01 00:59:41 INFO : Restart scheduled
2026-06-30 17:03:42 DEBUG : Connection successful
2026-07-01 00:54:56 DEBUG : Restart scheduled
2026-06-30 16:43:17 INFO : Timeout reached
2026-06-30 21:24:23 INFO : Timeout reached
2026-06-30 22:49:27 INFO : Timeout reached
2026-06-30 23:14:00 ERROR : Timeout reached
2026-06-30 17:34:23 DEBUG : Timeout reached
2026-06-30 13:51:54 ERROR : Disk usage high
2026-06-30 18:02:47 DEBUG : Disk usage high
2026-06-30 15:51:48 INFO : Timeout reached
2026-06-30 00:09:09 ERROR : Starting process
2026-06-30 14:43:40 WARNING : Connection successful
2026-06-30 03:11:12 ERROR : Retrying request
2026-06-30 03:38:08 DEBUG : Loading config
2026-06-29 23:18:24 DEBUG : Disk usage high
2026-06-30 00:32:22 WARNING : Connection successful
2026-06-30 05:15:59 INFO : Timeout reached
2026-06-30 12:00:01 INFO : Loading config
2026-06-30 07:41:37 DEBUG : Restart scheduled
2026-06-30 09:38:10 DEBUG : Disk usage high
2026-06-30 14:59:05 ERROR : Timeout reached
2026-06-30 04:45:21 ERROR : Starting process
2026-06-29 22:58:20 DEBUG : Disk usage high
2026-07-01 00:16:48 INFO : Timeout reached
2026-06-30 15:40:46 INFO : User login failed
2026-06-30 03:04:51 DEBUG : Loading config
2026-06-30 21:07:54 WARNING : Disk usage high
2026-06-30 11:14:29 ERROR : Restart scheduled
2026-06-30 05:47:05 INFO : Connection successful
2026-06-30 08:17:55 ERROR : Retrying request
2026-06-30 22:49:09 INFO : User login failed
2026-06-30 23:28:40 WARNING : Disk usage high
2026-06-30 19:08:53 DEBUG : Starting process
2026-06-30 18:37:06 ERROR : Starting process
2026-06-30 12:24:32 WARNING : Timeout reached
