2025-04-30 09:30:29 INFO : Disk usage high
2025-04-29 20:59:44 INFO : Retrying request
2025-04-29 21:52:17 ERROR : Starting process
2025-04-29 15:29:36 DEBUG : User login failed
2025-04-29 15:20:42 WARNING : Restart scheduled
2025-04-30 04:15:43 ERROR : Retrying request
2025-04-29 13:59:14 ERROR : Failed to authenticate
2025-04-30 06:37:03 INFO : Retrying request
2025-04-29 20:58:04 DEBUG : Disk usage high
2025-04-30 17:20:48 ERROR : User login failed
2025-04-30 11:41:17 ERROR : Starting process
2025-04-29 14:24:49 WARNING : Timeout reached
2025-04-29 16:47:48 WARNING : Retrying request
2025-04-30 00:15:59 ERROR : Connection successful
2025-04-30 06:23:15 WARNING : Disk usage high
2025-04-29 20:39:24 ERROR : User login failed
2025-04-30 10:12:14 DEBUG : User login failed
2025-04-29 14:09:21 INFO : Disk usage high
2025-04-29 17:51:14 ERROR : Timeout reached
2025-04-29 18:27:07 ERROR : Retrying request
2025-04-30 16:15:44 ERROR : Disk usage high
2025-04-30 04:08:23 DEBUG : Timeout reached
2025-04-30 17:14:15 ERROR : User login failed
2025-04-30 17:24:46 INFO : Starting process
2025-04-29 19:54:21 WARNING : Restart scheduled
2025-04-30 14:57:25 WARNING : Retrying request
2025-04-29 22:55:01 DEBUG : Failed to authenticate
2025-04-29 15:32:20 WARNING : Disk usage high
2025-04-30 03:08:57 WARNING : Disk usage high
2025-04-30 00:03:39 ERROR : Connection successful
2025-04-30 06:39:09 WARNING : Starting process
2025-04-29 21:05:19 INFO : User login failed
2025-04-30 00:32:29 WARNING : Disk usage high
2025-04-30 04:52:50 INFO : Retrying request
2025-04-30 17:25:05 ERROR : Connection successful
2025-04-29 18:25:49 INFO : Disk usage high
2025-04-29 21:27:57 DEBUG : Timeout reached
2025-04-29 14:43:06 INFO : Starting process
2025-04-29 16:21:20 INFO : Restart scheduled
2025-04-29 17:49:55 ERROR : Restart scheduled
