2026-06-30 12:51:40 WARNING : Loading config
2026-06-30 10:39:57 INFO : Connection successful
2026-06-30 14:18:59 INFO : Timeout reached
2026-06-30 12:24:16 WARNING : Failed to authenticate
2026-06-30 02:03:55 DEBUG : Retrying request
2026-06-30 21:51:15 INFO : Timeout reached
2026-07-01 00:05:54 DEBUG : Failed to authenticate
2026-06-30 06:27:33 ERROR : Restart scheduled
2026-06-30 17:17:36 ERROR : Restart scheduled
2026-06-30 02:19:35 DEBUG : Loading config
2026-06-30 23:47:39 ERROR : Retrying request
2026-06-30 16:54:52 ERROR : Loading config
2026-06-30 01:52:26 ERROR : Failed to authenticate
2026-06-30 12:10:57 INFO : Disk usage high
2026-06-30 00:39:03 ERROR : Failed to authenticate
2026-06-30 09:47:24 ERROR : Connection successful
2026-06-30 00:55:59 WARNING : Restart scheduled
2026-06-30 18:54:54 INFO : Loading config
2026-06-29 22:36:07 ERROR : Retrying request
2026-06-30 12:13:34 DEBUG : Failed to authenticate
2026-06-30 17:20:34 WARNING : Restart scheduled
2026-06-30 22:01:38 ERROR : Loading config
2026-06-30 03:17:16 INFO : Connection successful
2026-06-30 09:50:13 INFO : User login failed
2026-06-30 21:38:09 ERROR : Disk usage high
2026-06-30 16:31:29 WARNING : Starting process
2026-06-30 16:04:33 ERROR : Starting process
2026-06-29 23:53:42 ERROR : Starting process
2026-06-30 07:46:43 INFO : Retrying request
2026-06-30 00:15:00 DEBUG : Disk usage high
2026-06-30 19:27:14 INFO : Disk usage high
2026-06-30 14:01:55 ERROR : Retrying request
2026-06-30 11:03:55 DEBUG : Retrying request
2026-06-30 05:54:15 INFO : Retrying request
2026-06-30 04:43:43 DEBUG : Failed to authenticate
2026-06-30 16:12:44 DEBUG : Connection successful
2026-06-30 20:17:09 INFO : User login failed
2026-06-30 22:50:49 WARNING : Disk usage high
2026-06-30 04:21:02 ERROR : Retrying request
2026-07-01 00:28:49 INFO : User login failed
